<?xml version="1.0" encoding="UTF-8"?>
<!-- Generated by org.testng.reporters.JUnitXMLReporter -->
<testsuite ignored="0" hostname="Poojan-Khatri" failures="0" tests="15" name="TutorialsNinja Tests" time="40.043" errors="0" timestamp="2024-10-29T16:06:07 IST">
  <testcase classname="com.ninja.test.Register" name="verifyRegisterUsingMandatoryFields" time="1.051"/>
  <testcase classname="com.ninja.test.Register" name="verifyRegisteringAccountByProvidingAllFields" time="1.26"/>
  <testcase classname="com.ninja.test.Register" name="verifyWithExistingEmailAddress" time="0.859"/>
  <testcase classname="com.ninja.test.Register" name="verifyRegisteringAccountWithoutFillingAnyDetails" time="0.359"/>
  <testcase classname="com.ninja.test.Login" name="verifyLoginWithValidCredentials" time="0.724"/>
  <testcase classname="com.ninja.test.Login" name="verifyLoginWithValidCredentials" time="0.721"/>
  <testcase classname="com.ninja.test.Login" name="verifyLoginWithValidCredentials" time="0.686"/>
  <testcase classname="com.ninja.test.Login" name="verifyLoginWithValidCredentials" time="0.659"/>
  <testcase classname="com.ninja.test.Login" name="loginWithInvalidCredentials" time="0.681"/>
  <testcase classname="com.ninja.test.Login" name="loginWithInvalidEmailAndValidPassword" time="0.619"/>
  <testcase classname="com.ninja.test.Login" name="loginWithValidEmailAndInvalidPassword" time="0.604"/>
  <testcase classname="com.ninja.test.Login" name="loginWithoutAnyCredentials" time="0.474"/>
  <testcase classname="com.ninja.test.Search" name="verifySearchWithValidProduct" time="0.305"/>
  <testcase classname="com.ninja.test.Search" name="verifySearchWithNonExistingProductName" time="0.267"/>
  <testcase classname="com.ninja.test.Search" name="verifyWithoutAnyProductName" time="0.246"/>
</testsuite> <!-- TutorialsNinja Tests -->
