<?xml version="1.0" encoding="UTF-8"?>
<!-- Generated by org.testng.reporters.JUnitXMLReporter -->
<testsuite ignored="2" hostname="Poojan-Khatri" failures="0" tests="1" name="Default test" time="2.284" errors="0" timestamp="2024-10-29T09:33:56 IST">
  <testcase classname="com.ninja.test.Search" name="verifySearchWithValidProduct" time="0.318"/>
  <testcase classname="com.ninja.test.Search" name="verifyWithoutAnyProductName" time="0.0">
    <ignored/>
  </testcase> <!-- verifyWithoutAnyProductName -->
  <testcase classname="com.ninja.test.Search" name="verifySearchWithNonExistingProductName" time="0.0">
    <ignored/>
  </testcase> <!-- verifySearchWithNonExistingProductName -->
</testsuite> <!-- Default test -->
